========================================================================================
Report      : INFO
Date        : Mon Nov 13 17:43:15 CET 2017
Description : ++++++++++++++++++++++++++++++++++++++++++++++++
              ++ The service 'splicedaemon' is now operational. 
              ++++++++++++++++++++++++++++++++++++++++++++++++
Node        : maghe-Latitude-E5520
Process     : spliced <3684>
Thread      : main thread 7faa2314a700
Internals   : 6.8.2/9869914/5822975/v_serviceChangeState/v_service.c/300/0/1510591395.372094203/2
========================================================================================
Report      : INFO
Date        : Mon Nov 13 17:43:15 CET 2017
Description : Started service ddsi2 with args "ddsi2" "file:///home/maghe/PrismTech/Vortex_v2/Device/VortexOpenSplice/6.8.2/HDE/x86_64.linux/etc/config/ospl.xml"
Node        : maghe-Latitude-E5520
Process     : spliced <3684>
Thread      : main thread 7faa2314a700
Internals   : 6.8.2/9869914/5822975/OpenSplice domain service/spliced.c/811/0/1510591395.372459106/2
========================================================================================
Report      : INFO
Date        : Mon Nov 13 17:43:15 CET 2017
Description : Started service durability with args "durability" "file:///home/maghe/PrismTech/Vortex_v2/Device/VortexOpenSplice/6.8.2/HDE/x86_64.linux/etc/config/ospl.xml"
Node        : maghe-Latitude-E5520
Process     : spliced <3684>
Thread      : main thread 7faa2314a700
Internals   : 6.8.2/9869914/5822975/OpenSplice domain service/spliced.c/811/0/1510591395.372758489/2
========================================================================================
Report      : INFO
Date        : Mon Nov 13 17:43:15 CET 2017
Description : Started service cmsoap with args "cmsoap" "file:///home/maghe/PrismTech/Vortex_v2/Device/VortexOpenSplice/6.8.2/HDE/x86_64.linux/etc/config/ospl.xml"
Node        : maghe-Latitude-E5520
Process     : spliced <3684>
Thread      : main thread 7faa2314a700
Internals   : 6.8.2/9869914/5822975/OpenSplice domain service/spliced.c/811/0/1510591395.373085583/2
========================================================================================
Report      : INFO
Date        : Mon Nov 13 17:43:15 CET 2017
Description : SOAP service is reachable via port 34099
Node        : maghe-Latitude-E5520
Process     : cmsoap <3701>
Thread      : main thread 7f6f5a1be700
Internals   : 6.8.2/9869914/5822975/CM SOAP Service/cms_service.c/445/0/1510591395.381692841/2
========================================================================================
Report      : INFO
Date        : Mon Nov 13 17:43:15 CET 2017
Description : ++++++++++++++++++++++++++++++++++++++++++++++++
              ++ The service 'cmsoap' is now operational. 
              ++++++++++++++++++++++++++++++++++++++++++++++++
Node        : maghe-Latitude-E5520
Process     : cmsoap <3701>
Thread      : main thread 7f6f5a1be700
Internals   : 6.8.2/9869914/5822975/v_serviceChangeState/v_service.c/300/0/1510591395.382105169/2
========================================================================================
Report      : INFO
Date        : Mon Nov 13 17:43:15 CET 2017
Description : ++++++++++++++++++++++++++++++++++++++++++++++++
              ++ The service 'ddsi2' is now operational. 
              ++++++++++++++++++++++++++++++++++++++++++++++++
Node        : maghe-Latitude-E5520
Process     : ddsi2 <3699>
Thread      : main thread 7f7772e1f700
Internals   : 6.8.2/9869914/5822975/v_serviceChangeState/v_service.c/300/0/1510591395.419177775/2
========================================================================================
Report      : INFO
Date        : Mon Nov 13 17:43:15 CET 2017
Description : The durability service can be identified by ID: 204192512
Node        : maghe-Latitude-E5520
Process     : durability <3700>
Thread      : main thread 7ffaa00d1740
Internals   : 6.8.2/9869914/5822975/DurabilityService/d_durability.c/674/0/1510591395.741879327/2
========================================================================================
Report      : INFO
Date        : Mon Nov 13 17:43:23 CET 2017
Description : ++++++++++++++++++++++++++++++++++++++++++++++++
              ++ The service 'durability' is now operational. 
              ++++++++++++++++++++++++++++++++++++++++++++++++
Node        : maghe-Latitude-E5520
Process     : durability <3700>
Thread      : conflictResolver 7ffaa0025700
Internals   : 6.8.2/9869914/5822975/v_serviceChangeState/v_service.c/300/0/1510591403.060040844/2
========================================================================================
Report      : INFO
Context     : os_signalHandler
Date        : Mon Nov 13 18:11:05 CET 2017
Node        : maghe-Latitude-E5520
Process     : spliced <3684>
Thread      : signalHandler 7faa21425700
Internals   : os_signalHandler.c/658/6.8.2/9869914/5822975/-1
----------------------------------------------------------------------------------------
Report      : Termination request (signal 15) received from PID 1, UID 0
Internals   : signalHandlerThread/os_signalHandler.c/629/0/1510593065.032109842
========================================================================================
Report      : INFO
Context     : os_signalHandler
Date        : Mon Nov 13 18:11:05 CET 2017
Node        : maghe-Latitude-E5520
Process     : spliced <3684>
Thread      : signalHandler 7faa21425700
Internals   : os_signalHandler.c/658/6.8.2/9869914/5822975/-1
----------------------------------------------------------------------------------------
Report      : Termination request (signal 1) received from PID 1, UID 0
Internals   : signalHandlerThread/os_signalHandler.c/629/0/1510593065.032288444
========================================================================================
Report      : INFO
Context     : os_signalHandler
Date        : Mon Nov 13 18:11:05 CET 2017
Node        : maghe-Latitude-E5520
Process     : cmsoap <3701>
Thread      : signalHandler 7f6f5883e700
Internals   : os_signalHandler.c/658/6.8.2/9869914/5822975/-1
----------------------------------------------------------------------------------------
Report      : Initiated CMSoap Service termination...
Internals   : CMSoap Exit Handler/cmsoap.c/73/0/1510593065.038699290
----------------------------------------------------------------------------------------
Report      : Termination request (signal 1) received from PID 1, UID 0
Internals   : signalHandlerThread/os_signalHandler.c/629/0/1510593065.038764790
========================================================================================
Report      : INFO
Context     : os_signalHandler
Date        : Mon Nov 13 18:11:05 CET 2017
Node        : maghe-Latitude-E5520
Process     : cmsoap <3701>
Thread      : signalHandler 7f6f5883e700
Internals   : os_signalHandler.c/658/6.8.2/9869914/5822975/-1
----------------------------------------------------------------------------------------
Report      : Initiated CMSoap Service termination...
Internals   : CMSoap Exit Handler/cmsoap.c/73/0/1510593065.038910746
----------------------------------------------------------------------------------------
Report      : Termination request (signal 15) received from PID 1, UID 0
Internals   : signalHandlerThread/os_signalHandler.c/629/0/1510593065.038971124
========================================================================================
Report      : INFO
Context     : os_signalHandler
Date        : Mon Nov 13 18:11:05 CET 2017
Node        : maghe-Latitude-E5520
Process     : durability <3700>
Thread      : signalHandler 7ffa9d7c6700
Internals   : os_signalHandler.c/658/6.8.2/9869914/5822975/-1
----------------------------------------------------------------------------------------
Report      : Initiated Durability Service termination...
Internals   : Durability Exit Handler/d_durability.c/1400/0/1510593065.039949058
----------------------------------------------------------------------------------------
Report      : Termination request (signal 15) received from PID 1, UID 0
Internals   : signalHandlerThread/os_signalHandler.c/629/0/1510593065.040013576
========================================================================================
Report      : INFO
Context     : os_signalHandler
Date        : Mon Nov 13 18:11:05 CET 2017
Node        : maghe-Latitude-E5520
Process     : durability <3700>
Thread      : signalHandler 7ffa9d7c6700
Internals   : os_signalHandler.c/658/6.8.2/9869914/5822975/-1
----------------------------------------------------------------------------------------
Report      : Initiated Durability Service termination...
Internals   : Durability Exit Handler/d_durability.c/1400/0/1510593065.040305890
----------------------------------------------------------------------------------------
Report      : Termination request (signal 1) received from PID 1, UID 0
Internals   : signalHandlerThread/os_signalHandler.c/629/0/1510593065.040388206
========================================================================================
Report      : INFO
Context     : os_signalHandler
Date        : Mon Nov 13 18:11:05 CET 2017
Node        : maghe-Latitude-E5520
Process     : ddsi2 <3699>
Thread      : signalHandler 7f777106b700
Internals   : os_signalHandler.c/658/6.8.2/9869914/5822975/-1
----------------------------------------------------------------------------------------
Report      : Termination request (signal 15) received from PID 1, UID 0
Internals   : signalHandlerThread/os_signalHandler.c/629/0/1510593065.043903273
========================================================================================
Report      : WARNING
Date        : Mon Nov 13 18:11:05 CET 2017
Description : Detected termination of process 3699, that failed to clean up its resources before terminating. Attempting to clean up its resources now...
Node        : maghe-Latitude-E5520
Process     : spliced <3684>
Thread      : shmMonitor 7faa23094700
Internals   : 6.8.2/9869914/5822975/OpenSplice domain service/s_shmMonitor.c/96/0/1510593065.794256456/-1
========================================================================================
Report      : INFO
Date        : Mon Nov 13 18:11:06 CET 2017
Description : not accepting requests.
Node        : maghe-Latitude-E5520
Process     : cmsoap <3701>
Thread      : main thread 7f6f5a1be700
Internals   : 6.8.2/9869914/5822975/CM SOAP Service/cmsoap.c/114/0/1510593066.043965320/2
========================================================================================
Report      : INFO
Date        : Mon Nov 13 18:11:06 CET 2017
Description : ================================================
              == The service 'cmsoap' has now terminated. 
              ================================================
Node        : maghe-Latitude-E5520
Process     : cmsoap <3701>
Thread      : main thread 7f6f5a1be700
Internals   : 6.8.2/9869914/5822975/v_serviceChangeState/v_service.c/307/0/1510593066.051453439/2
========================================================================================
Report      : INFO
Date        : Mon Nov 13 18:11:06 CET 2017
Description : ================================================
              == The service 'durability' has now terminated. 
              ================================================
Node        : maghe-Latitude-E5520
Process     : durability <3700>
Thread      : main thread 7ffaa00d1740
Internals   : 6.8.2/9869914/5822975/v_serviceChangeState/v_service.c/307/0/1510593066.659215524/2
========================================================================================
Report      : INFO
Date        : Mon Nov 13 18:11:15 CET 2017
Description : Service 'ddsi2' DIED -> skip
Node        : maghe-Latitude-E5520
Process     : spliced <3684>
Thread      : ServiceManager 7faa22f92700
Internals   : 6.8.2/9869914/5822975/OpenSplice domain service/serviceMonitor.c/255/0/1510593075.031777360/2
========================================================================================
Report      : INFO
Date        : Mon Nov 13 18:11:15 CET 2017
Description : ================================================
              == The service 'splicedaemon' has now terminated. 
              ================================================
Node        : maghe-Latitude-E5520
Process     : spliced <3684>
Thread      : main thread 7faa2314a700
Internals   : 6.8.2/9869914/5822975/v_serviceChangeState/v_service.c/307/0/1510593075.083406991/2
========================================================================================
Report      : INFO
Date        : Mon Nov 13 18:11:15 CET 2017
Description : Removed 10722 objects
Node        : maghe-Latitude-E5520
Process     : spliced <3684>
Thread      : main thread 7faa2314a700
Internals   : 6.8.2/9869914/5822975/Database close/c_base.c/3262/0/1510593075.093252010/2
